ERROR:root:[ERROR] HTTP Error 403 for https://www.betfair.com/exchange/plus/horse-racing: Client error '403 Forbidden' for url 'https://www.betfair.com/exchange/plus/horse-racing'
For more information check: https://developer.mozilla.org/en-US/docs/Web/HTTP/Status/403
WARNING:root:[Pre-Flight] Check FAILED for www.brisnet.com:
WARNING:root:--> Skipping 'BRISnet (US Premium Data)' (pre-flight check failed).
WARNING:root:[Pre-Flight] Check FAILED for entries.drf.com: [Errno -2] Name or service not known
WARNING:root:--> Skipping 'Daily Racing Form (DRF) Entries' (pre-flight check failed).
WARNING:root:[Pre-Flight] Check FAILED for www.twinspires.com:
WARNING:root:--> Skipping 'TwinSpires (Today's Races)' (pre-flight check failed).
WARNING:root:[Pre-Flight] Check FAILED for www.tab.com.au with status 500
WARNING:root:--> Skipping 'TAB (Australia)' (pre-flight check failed).
WARNING:root:[Pre-Flight] Check FAILED for api.punters.com.au: [Errno -2] Name or service not known
WARNING:root:--> Skipping 'Punters.com.au (Australia)' (pre-flight check failed).
ERROR:root:[ERROR] HTTP Error 404 for https://racingaustralia.horse/FreeFields/Calendar_Data.aspx?para1=2025-08-18: Client error '404 Not Found' for url 'https://racingaustralia.horse/FreeFields/Calendar_Data.aspx?para1=2025-08-18'
For more information check: https://developer.mozilla.org/en-US/docs/Web/HTTP/Status/404
WARNING:root:[Pre-Flight] Check FAILED for api.thedogs.com.au: [Errno -2] Name or service not known
WARNING:root:--> Skipping 'The Dogs API (Official AUS Greyhounds)' (pre-flight check failed).
ERROR:root:[ERROR] HTTP Error 404 for https://api.gbgb.org.uk/api/v1/racecards?date=2025-08-18: Client error '404 Not Found' for url 'https://api.gbgb.org.uk/api/v1/racecards?date=2025-08-18'
For more information check: https://developer.mozilla.org/en-US/docs/Web/HTTP/Status/404
ERROR:root:[ERROR] HTTP Error 404 for https://racing.ustrotting.com/api/entries/date/2025-08-18.json: Client error '404 Not Found' for url 'https://racing.ustrotting.com/api/entries/date/2025-08-18.json'
For more information check: https://developer.mozilla.org/en-US/docs/Web/HTTP/Status/404
ERROR:root:[ERROR] HTTP Error 404 for https://www.racingpost.com/racecards/data?race_type=further_races&date=2025-08-18: Client error '404 Not Found' for url 'https://www.racingpost.com/racecards/data?race_type=further_races&date=2025-08-18'
For more information check: https://developer.mozilla.org/en-US/docs/Web/HTTP/Status/404
