2025-08-19 18:30:46,480 [INFO] --- Paddock Mobile Alerter Starting Up ---
2025-08-19 18:30:46,481 [WARNING] Missing 'FIELD_SIZE' in SCORER_WEIGHTS, using default value: 0.25
2025-08-19 18:30:46,481 [WARNING] Missing 'FAVORITE_ODDS' in SCORER_WEIGHTS, using default value: 0.35
2025-08-19 18:30:46,481 [WARNING] Missing 'ODDS_SPREAD' in SCORER_WEIGHTS, using default value: 0.1
2025-08-19 18:30:46,481 [WARNING] Missing 'VALUE_VS_SP' in SCORER_WEIGHTS, using default value: 0.3
2025-08-19 18:30:46,481 [INFO] V2Scorer initialized with weights: {'FIELD_SIZE_WEIGHT': 0.175, 'FAVORITE_ODDS_WEIGHT': 0.225, 'ODDS_SPREAD_WEIGHT': 0.075, 'DATA_QUALITY_WEIGHT': 0.025, 'FIELD_SIZE': 0.125, 'FAVORITE_ODDS': 0.175, 'ODDS_SPREAD': 0.05, 'VALUE_VS_SP': 0.15}
2025-08-19 18:30:46,481 [INFO] Loaded 0 previously alerted races from state file.
2025-08-19 18:30:46,482 [INFO] Webhook server started on http://0.0.0.0:8765/trigger
2025-08-19 18:30:46,482 [INFO] ==================== Starting New Scan Cycle ====================
2025-08-19 18:30:47,834 [INFO] HTTP Request: GET https://www.equibase.com/static/entry/index.html?track=list&revid=1 "HTTP/2 200 OK"
2025-08-19 18:30:47,868 [INFO] HTTP Request: GET https://www.attheraces.com/racecards "HTTP/2 200 OK"
2025-08-19 18:30:48,158 [INFO] HTTP Request: GET https://www.racingpost.com/racecards/ "HTTP/2 200 OK"
2025-08-19 18:30:48,182 [INFO] HTTP Request: GET https://www.skysports.com/racing/racecards "HTTP/2 200 OK"
2025-08-19 18:30:48,265 [INFO] HTTP Request: GET https://www.racingandsports.com.au/todays-racing-json-v2 "HTTP/2 200 OK"
2025-08-19 18:30:49,043 [INFO] HTTP Request: GET https://www.sportinglife.com/racing/racecards "HTTP/2 200 OK"
2025-08-19 18:30:49,217 [INFO] HTTP Request: GET https://www.timeform.com/horse-racing/racecards "HTTP/2 200 OK"
2025-08-19 18:30:49,359 [INFO] HTTP Request: GET https://www.racingtv.com/racecards "HTTP/2 200 OK"
2025-08-19 18:31:05,275 [ERROR] Failed to fetch Daily Racing Form (DRF) Entries: Failed to fetch https://entries.drf.com/entries after 4 attempts. Last error: [Errno -2] Name or service not known
2025-08-19 18:31:05,890 [INFO] Scan complete. Found 68 unique races.
2025-08-19 18:31:05,891 [INFO] No new target opportunities found this cycle.
2025-08-19 18:31:05,891 [INFO] Test cycle complete. Not waiting.
